<?xml version="1.0" encoding="UTF-8"?>
<testng-results ignored="0" total="0" passed="0" failed="0" skipped="0">
  <reporter-output>
  </reporter-output>
  <suite started-at="2024-03-30T04:14:17 IST" name="Default suite" finished-at="2024-03-30T04:14:32 IST" duration-ms="15039">
    <groups>
    </groups>
    <test started-at="2024-03-30T04:14:17 IST" name="Default test" finished-at="2024-03-30T04:14:32 IST" duration-ms="15039">
      <class name="com.udemy.seleniumdesign.test.BaseTest">
        <test-method is-config="true" signature="setupDriver()[pri:0, instance:com.udemy.seleniumdesign.test.BaseTest@3d121db3]" started-at="2024-03-30T04:14:17 IST" name="setupDriver" finished-at="2024-03-30T04:14:27 IST" duration-ms="10524" status="PASS">
          <reporter-output>
          </reporter-output>
        </test-method> <!-- setupDriver -->
        <test-method is-config="true" signature="quitDriver()[pri:0, instance:com.udemy.seleniumdesign.test.BaseTest@3d121db3]" started-at="2024-03-30T04:14:27 IST" name="quitDriver" finished-at="2024-03-30T04:14:32 IST" duration-ms="4504" status="PASS">
          <reporter-output>
          </reporter-output>
        </test-method> <!-- quitDriver -->
      </class> <!-- com.udemy.seleniumdesign.test.BaseTest -->
    </test> <!-- Default test -->
  </suite> <!-- Default suite -->
</testng-results>
